<?xml version="1.0" encoding="UTF-8"?>
<testsuites>
  <testsuite name="" tests="1" assertions="2" errors="0" warnings="0" failures="0" skipped="0" time="1.710832">
    <testsuite name="P\Tests\ProviderTest" file="/Users/zac/code/starknet.php/vendor/pestphp/pest/src/Factories/TestCaseFactory.php(222) : eval()'d code" tests="1" assertions="2" errors="0" warnings="0" failures="0" skipped="0" time="1.710832">
      <testcase name="it can get a storage variable in a contract located at a specific key" assertions="2" time="1.710832"/>
    </testsuite>
  </testsuite>
</testsuites>
